/usr/lib/python2.6/site-packages/django/db/__init__.py:60: DeprecationWarning: Short names for ENGINE in database configurations are deprecated. Prepend default.ENGINE with 'django.db.backends.'
  DeprecationWarning
/usr/lib/python2.6/site-packages/django/db/__init__.py:60: DeprecationWarning: Short names for ENGINE in database configurations are deprecated. Prepend kopia.ENGINE with 'django.db.backends.'
  DeprecationWarning
/usr/lib/python2.6/site-packages/django/db/__init__.py:60: DeprecationWarning: Short names for ENGINE in database configurations are deprecated. Prepend apap2.ENGINE with 'django.db.backends.'
  DeprecationWarning
/usr/lib/python2.6/site-packages/django/contrib/auth/__init__.py:26: DeprecationWarning: Authentication backends without a `supports_object_permissions` attribute are deprecated. Please define it in <class 'apap3.remote.remote_accounts.auth.RemoteAuthStudentBackend'>.
  DeprecationWarning)
/usr/lib/python2.6/site-packages/django/contrib/auth/__init__.py:31: DeprecationWarning: Authentication backends without a `supports_anonymous_user` attribute are deprecated. Please define it in <class 'apap3.remote.remote_accounts.auth.RemoteAuthStudentBackend'>.
  DeprecationWarning)
Config sys for {'loggers': {'django.request': {'level': 'ERROR', 'propagate': True, 'handlers': ['mail_admins']}}, 'version': 1, 'disable_existing_loggers': False, 'handlers': {'mail_admins': {'class': 'django.utils.log.AdminEmailHandler', 'level': 'ERROR'}}}
starting server with options {'ssl_certificate': None, 'workdir': None, 'server_name': 'localhost', 'host': '127.0.0.1', 'daemonize': False, 'threads': '64', 'pidfile': None, 'ssl_private_key': None, 'server_group': 'www-data', 'port': '32023', 'server_user': 'www-data', 'request_queue_size': '25'}
[]
[]
[]
[]
[]
[]
[]
[]
[]
[]
[]
[]
[]
[]
[]
[]
[]
[]
[]
[]
[]
[]
[]
[]
[]
[]
[]
[]
[]
[]
[]
[]
[]
[]
[]
[]
[]
[]
[]
[]
[]
[]
[]
[]
[]
[]
[]
[]
[]
[]
[]
[]
[]
[]
[]
[]
[]
[]
[]
[]
[]
[]
[]
[]
[]
[]
[]
[]
[]
[]
[]
[]
[]
[]
[]
[]
[]
[]
[]
[]
[]
[]
[]
[]
[]
[]
[]
[]
[]
[]
[]
[]
[]
[]
[]
[]
[]
[]
[]
[]
[]
[]
[]
[]
[]
[]
[]
[]
[]
[]
[]
[]
[]
[]
[]
[]
[]
[]
[]
[]
[]
[]
[]
[]
[]
[]
[]
[]
[]
[]
[]
[]
[]
[]
[]
[]
[]
[]
[]
[]
[]
[]
[]
[]
[]
[]
[]
[]
[]
[]
[]
[]
[]
[]
[]
[]
[]
[]
[]
[]
[]
[]
[]
[]
[]
[]
[]
[]
[]
[]
[]
[]
[]
[]
[]
[]
[]
[]
[]
[]
[]
[]
[]
[]
[]
[]
[]
[]
[]
[]
[]
[]
[]
[]
[]
[]
[]
[]
[]
[]
[]
[]
[]
[]
[]
[]
[]
[]
[]
[]
[]
[]
[]
[]
[]
[]
[]
[]
[]
[]
[]
[]
[]
[]
[]
[]
[]
[]
[]
[]
[]
[]
[]
[]
[]
[]
[]
[]
[]
[]
[]
[]
[]
[]
[]
[]
[]
[]
[]
[]
[]
[]
[]
[]
[]
[]
[]
[]
[]
[]
[]
[]
[]
[]
[]
[]
[]
[]
[]
[]
[]
[]
[]
[]
[]
[]
[]
[]
[]
[]
[]
[]
[]
[]
[]
[]
[]
[]
[]
[]
[]
[]
[]
[]
[]
[]
[]
[]
[]
[]
[]
[]
[]
[]
[]
[]
[]
[]
[]
[]
[]
[]
[]
[]
[]
[]
[]
[]
[]
[]
[]
[]
[]
[]
[]
[]
[]
[]
[<ThesisContract: Udział pielęgniarki w zabiegach endowskularnych-opis przypadku Tomczewska Hanna, prom.: Krasiński Zbigniew, prof. n. med. (Klinika Chirurgii Ogólnej i Naczyń)>]
[]
[]
[]
[]
[]
[]
[]
[]
[]
[]
[]
[]
[]
[]
[]
[]
[]
[]
[]
[]
[]
[]
[]
[]
[]
[]
[]
[]
[]
[]
[]
[]
[<ThesisContract: Opieka pielegniarska nad pacjentem po przeszczepie serca Kamińska Aneta, prom.: Jemielity Marek, dr hab. n.med. (Klinika Kardiochirurgii)>]
[]
[<ThesisContract: Pielęgnacja pacjenta po zabiegu operacyjnym tętniaka aorty piersiowej. Płóciennik-Sujka Agnieszka, prom.: Perek Bartłomiej, dr n.med. (Klinika Kardiochirurgii)>, <ThesisContract: Problemy pielęgnacyjne u chorych po zabiegach kardiochirurgicznych Mądra Iwona, prom.: Perek Bartłomiej, dr n.med. (Klinika Kardiochirurgii)>]
[]
[]
[]
[]
[]
[]
[]
[]
[]
[]
[]
[]
[]
[]
[]
[]
[]
[]
[]
[]
[]
[]
[]
[]
[]
[]
[]
[]
[]
[]
[]
[]
[]
[]
[]
[]
[]
[]
[]
[]
[]
[]
[]
[]
[]
[]
[]
[]
[]
[]
[]
[]
[]
[]
[]
[]
[]
[]
[]
[]
[]
[]
[]
[]
[]
[]
[]
[]
[]
[]
[]
[]
[]
[]
[]
[]
[]
[]
[]
[]
[]
[]
[]
[]
[]
[]
[]
[]
[]
[]
[]
[]
[]
[]
[]
[]
[]
[]
[]
[]
[]
[]
[]
[]
[]
[]
[]
[]
[]
[]
[]
[]
[]
[]
[]
[]
[]
[]
[]
[]
[]
[]
[]
[]
[]
[]
[]
[]
[]
[]
[]
[]
[]
[]
[]
[]
[]
[]
[]
[]
[]
[]
[]
[]
[]
[]
[]
[]
[]
[]
[]
[]
[]
[]
[]
[]
[]
[]
[]
[]
[]
[]
[]
[]
[]
[]
[]
[]
[]
[]
[]
[]
[]
[]
[]
[]
[]
[]
[]
[]
[]
[]
[]
[]
[]
[]
[]
[]
[]
[]
[]
[]
[]
[]
[]
[]
[]
[]
[]
[]
[]
[]
[]
[]
[]
[]
[]
[]
[]
[]
[]
[]
[]
[]
[]
[]
[]
[]
[]
[]
[]
[]
[]
[]
[]
[]
[]
[]
[]
[]
[]
[]
[]
[]
[]
[]
[]
[]
[]
[]
[]
[]
[]
[]
[]
[]
[]
[]
[]
[]
[]
[]
[]
[]
[]
[]
[]
[]
[]
[]
[]
[]
[]
[]
[]
[]
[]
[]
[]
[]
[]
[]
[]
[]
[]
[]
[]
[]
[]
[]
[]
[]
[]
[]
[]
[]
[]
[]
[]
[]
[]
[]
[]
[]
[]
[]
[]
[]
[]
[]
[]
[]
[]
[]
[]
[]
[]
[]
[]
[]
[]
[]
[]
[]
[]
[]
[<ThesisContract: Wpływ terapii resynchronizującej serca na wydolność fizyczną u chorych z niewydolnością serca, w oparciu o dane z wieloośrodkowych badań klinicznych Chełmińska Edyta, prom.: Burchardt Paweł, dr n.med. (Katedra i Klinika Intensywnej Terapii Kardiologicznej i Chorób Wewnętrznych)>, <ThesisContract: Stymulacja resynchronizująca serca, a śmiertelność pacjentów w oparciu o dane z wieloośrodkowych badań klinicznych Kaczmarek Anna, prom.: Burchardt Paweł, dr n.med. (Katedra i Klinika Intensywnej Terapii Kardiologicznej i Chorób Wewnętrznych)>]
[]
[]
[]
[]
[]
[]
[]
[]
[]
[]
[]
[]
[]
[]
[]
[<ThesisContract: Rola pielęgniarki w opiece nad pacjentem z guzem kręgosłupa w odcinku lędźwiowym, leczonym neurochirurgicznie. Rożyk Dariusz, prom.: Jankowski Roman, dr hab. n.